<?xml version="1.0"?><coverage lines-covered="314" lines-valid="347" line-rate="0.9048991354466859" branches-covered="0" branches-valid="0" branch-rate="0" complexity="0" version="1.9" timestamp="1749470764"><sources><source>C:\Users\owjs3\Desktop\projects\braillify</source></sources><packages><package name="packages\node\tests" line-rate="0" branch-rate="0" complexity="0"><classes></classes></package><package name="libs\braillify\src\jauem" line-rate="1" branch-rate="0" complexity="0"><classes><class name="choseong" filename="libs\braillify\src\jauem\choseong.rs" line-rate="1" branch-rate="0" complexity="0"><methods/><lines><line number="22" hits="17798225727368200237"/><line number="23" hits="17149707381026848838"/><line number="26" hits="20"/></lines></class><class name="jongseong" filename="libs\braillify\src\jauem\jongseong.rs" line-rate="1" branch-rate="0" complexity="0"><methods/><lines><line number="37" hits="5476377146882523136"/><line number="38" hits="10952754293765046262"/><line number="41" hits="10"/></lines></class></classes></package><package name="libs\braillify\src\moeum" line-rate="1" branch-rate="0" complexity="0"><classes><class name="jungsong" filename="libs\braillify\src\moeum\jungsong.rs" line-rate="1" branch-rate="0" complexity="0"><methods/><lines><line number="28" hits="216172782113783808"/><line number="29" hits="432345564227567591"/><line number="32" hits="25"/></lines></class></classes></package><package name="libs\braillify\src" line-rate="0.9401197604790419" branch-rate="0" complexity="0"><classes><class name="char_shortcut" filename="libs\braillify\src\char_shortcut.rs" line-rate="1" branch-rate="0" complexity="0"><methods/><lines><line number="37" hits="2810246167479189511"/><line number="38" hits="2954361355555045331"/><line number="41" hits="2666130979403333691"/></lines></class><class name="char_struct" filename="libs\braillify\src\char_struct.rs" line-rate="1" branch-rate="0" complexity="0"><methods/><lines><line number="15" hits="864691128455135232"/><line number="16" hits="864691128455135232"/><line number="17" hits="1729382256910270553"/><line number="18" hits="18446744073709551527"/><line number="34" hits="864691128455135321"/><line number="36" hits="864691128455135321"/><line number="37" hits="864691128455135321"/><line number="38" hits="864691128455135321"/><line number="39" hits="864691128455135321"/><line number="41" hits="864691128455135321"/><line number="42" hits="864691128455135321"/><line number="43" hits="864691128455135321"/><line number="44" hits="864691128455135321"/><line number="45" hits="6989586621679009881"/><line number="47" hits="12321848580485677056"/><line number="65" hits="16140901064495857701"/><line number="66" hits="16140901064495857701"/><line number="67" hits="144115188075855969"/><line number="69" hits="15996785876420001732"/><line number="70" hits="14411518807585587201"/><line number="72" hits="1585267068834414531"/><line number="73" hits="7638104968020361216"/><line number="75" hits="12393906174523604931"/><line number="76" hits="2666130979403333638"/><line number="78" hits="9727775195120271293"/><line number="79" hits="936748722493063101"/><line number="80" hits="8791026472627208281"/><line number="85" hits="1801439850948198244"/><line number="86" hits="864691128455135410"/><line number="88" hits="72057594037927691"/><line number="89" hits="72057594037927936"/><line number="91" hits="18446744073709551371"/></lines></class><class name="english" filename="libs\braillify\src\english.rs" line-rate="0.6666666666666666" branch-rate="0" complexity="0"><methods/><lines><line number="34" hits="17654110539292345043"/><line number="35" hits="16861477004875138470"/><line number="38" hits="0"/></lines></class><class name="korean_char" filename="libs\braillify\src\korean_char.rs" line-rate="0.8928571428571429" branch-rate="0" complexity="0"><methods/><lines><line number="10" hits="11240984669916758023"/><line number="11" hits="11240984669916758023"/><line number="12" hits="4035225266123964430"/><line number="13" hits="1080863910568919040"/><line number="15" hits="1080863910568919040"/><line number="17" hits="2089670227099910112"/><line number="18" hits="2089670227099910112"/><line number="19" hits="12682136550675316704"/><line number="25" hits="12033618204333965312"/><line number="27" hits="12682136550675316704"/><line number="28" hits="1657324662872342492"/><line number="30" hits="0"/><line number="32" hits="6557241057451442166"/><line number="33" hits="7854277750134145024"/><line number="36" hits="18446744073709551602"/><line number="38" hits="0"/><line number="40" hits="1657324662872342528"/><line number="41" hits="1297036692682702858"/><line number="45" hits="0"/><line number="49" hits="18086456103519911946"/><line number="50" hits="12249790986447749126"/><line number="52" hits="18086456103519911946"/><line number="53" hits="18086456103519911946"/><line number="56" hits="5980780305148018669"/><line number="60" hits="12321848580485677077"/><line number="61" hits="4827858800541171740"/><line number="63" hits="12321848580485677066"/><line number="67" hits="11240984669916757974"/></lines></class><class name="korean_part" filename="libs\braillify\src\korean_part.rs" line-rate="0.75" branch-rate="0" complexity="0"><methods/><lines><line number="39" hits="7133701809754865668"/><line number="40" hits="11385099857992613896"/><line number="43" hits="5764607523034234880"/><line number="46" hits="0"/></lines></class><class name="lib" filename="libs\braillify\src\lib.rs" line-rate="0.9329268292682927" branch-rate="0" complexity="0"><methods/><lines><line number="31" hits="2954361355555045379"/><line number="32" hits="2954361355555045379"/><line number="33" hits="2954361355555045379"/><line number="34" hits="2954361355555045379"/><line number="35" hits="2954361355555045379"/><line number="37" hits="7349874591868649475"/><line number="38" hits="11673330234144325636"/><line number="39" hits="2738188573441261577"/><line number="40" hits="10952754293765046273"/><line number="43" hits="2954361355555045379"/><line number="45" hits="17293822569102704647"/><line number="46" hits="14339461213547659268"/><line number="48" hits="16140901064495857658"/><line number="51" hits="504403158265495535"/><line number="54" hits="12538021362599460878"/><line number="55" hits="12538021362599460878"/><line number="56" hits="5548434740920451103"/><line number="57" hits="12538021362599460878"/><line number="59" hits="9367487224930631738"/><line number="61" hits="3963167672086036536"/><line number="64" hits="1297036692682702862"/><line number="65" hits="1297036692682702862"/><line number="68" hits="15420325124116578318"/><line number="69" hits="2882303761517117453"/><line number="70" hits="2522015791327477760"/><line number="71" hits="1224979098644774912"/><line number="72" hits="1008806316530991104"/><line number="74" hits="144115188075855872"/><line number="75" hits="144115188075855872"/><line number="76" hits="144115188075855872"/><line number="77" hits="144115188075855872"/><line number="78" hits="3098476543630901248"/><line number="83" hits="504403158265495552"/><line number="84" hits="504403158265495552"/><line number="88" hits="12538021362599460878"/><line number="89" hits="12538021362599460878"/><line number="92" hits="4971973988617027598"/><line number="93" hits="10880696699727118336"/><line number="94" hits="1080863910568918997"/><line number="95" hits="1080863910568918997"/><line number="98" hits="1152921504606847062"/><line number="100" hits="6196953087261802538"/><line number="102" hits="16861477004875137038"/><line number="104" hits="648518346341351424"/><line number="110" hits="17437937757178560512"/><line number="111" hits="17437937757178560512"/><line number="112" hits="2882303761517117440"/><line number="113" hits="2233785415175766016"/><line number="116" hits="792633534417207296"/><line number="124" hits="2305843009213693952"/><line number="125" hits="288230376151711744"/><line number="127" hits="288230376151711744"/><line number="129" hits="0"/><line number="130" hits="1152921504606846976"/><line number="131" hits="1152921504606846976"/><line number="132" hits="16285016252571713536"/><line number="133" hits="576460752303423488"/><line number="134" hits="11168927075878830083"/><line number="137" hits="5044031582654955522"/><line number="138" hits="5044031582654955522"/><line number="140" hits="11240984669916758014"/><line number="143" hits="17437937757178560512"/><line number="145" hits="1945555039024054299"/><line number="146" hits="1945555039024054189"/><line number="149" hits="7493989779944505344"/><line number="150" hits="7493989779944505344"/><line number="153" hits="4683743612465315840"/><line number="154" hits="4683743612465315840"/><line number="158" hits="2449958197289549824"/><line number="159" hits="360287970189639680"/><line number="160" hits="360287970189639680"/><line number="163" hits="864691128455135232"/><line number="164" hits="864691128455135232"/><line number="168" hits="2161727821137838080"/><line number="169" hits="1513209474796486656"/><line number="170" hits="1297036692682702848"/><line number="171" hits="720575940379279360"/><line number="172" hits="1297036692682702848"/><line number="175" hits="792633534417207296"/><line number="176" hits="792633534417207296"/><line number="177" hits="360287970189639680"/><line number="178" hits="792633534417207296"/><line number="183" hits="504403158265495552"/><line number="184" hits="504403158265495552"/><line number="186" hits="1080863910568919040"/><line number="188" hits="648518346341351424"/><line number="189" hits="648518346341351424"/><line number="193" hits="432345564227567616"/><line number="194" hits="432345564227567616"/><line number="200" hits="72057594037927936"/><line number="201" hits="6124895493223874561"/><line number="204" hits="360287970189639680"/><line number="207" hits="5620492334958379008"/><line number="208" hits="14915921965851082752"/><line number="209" hits="12754194144713244672"/><line number="214" hits="3746994889972252672"/><line number="216" hits="9223372036854775808"/><line number="217" hits="9871890383196127232"/><line number="218" hits="4395513236313604096"/><line number="220" hits="1080863910568919040"/><line number="224" hits="12970366926827028480"/><line number="226" hits="7710162562058289152"/><line number="231" hits="7493989779944505344"/><line number="236" hits="7277816997830721536"/><line number="238" hits="432345564227567616"/><line number="239" hits="10808639105689190400"/><line number="244" hits="10376293541461622784"/><line number="246" hits="72057594037927936"/><line number="248" hits="14051230837395947520"/><line number="249" hits="14051230837395947520"/><line number="251" hits="16285016252571713536"/><line number="253" hits="6196953087261802496"/><line number="257" hits="14051230837395947520"/><line number="259" hits="6124895493223874560"/><line number="260" hits="6124895493223874560"/><line number="261" hits="2017612633061982210"/><line number="262" hits="792633534417207296"/><line number="263" hits="792633534417207296"/><line number="266" hits="792633534417207296"/><line number="268" hits="5332261958806667264"/><line number="271" hits="0"/><line number="272" hits="0"/><line number="274" hits="1513209474796486656"/><line number="275" hits="1513209474796486656"/><line number="276" hits="576460752303423488"/><line number="277" hits="576460752303423488"/><line number="278" hits="2594073385365405696"/><line number="280" hits="576460752303423488"/><line number="282" hits="1513209474796486656"/><line number="283" hits="1513209474796486656"/><line number="284" hits="576460752303423488"/><line number="285" hits="3098476543630901248"/><line number="286" hits="4395513236313604096"/><line number="287" hits="936748722493063168"/><line number="288" hits="2522015791327477760"/><line number="289" hits="432345564227567616"/><line number="292" hits="576460752303423488"/><line number="294" hits="576460752303423488"/><line number="295" hits="576460752303423488"/><line number="297" hits="504403158265495552"/><line number="303" hits="5548434740920451072"/><line number="304" hits="14195346025471803363"/><line number="306" hits="10160120759347838975"/><line number="307" hits="10088063165309911039"/><line number="312" hits="14339461213547659261"/><line number="313" hits="2161727821137838116"/><line number="317" hits="144115188075855890"/><line number="318" hits="144115188075855890"/><line number="322" hits="3602879701896396810"/><line number="324" hits="10736581511651262464"/><line number="325" hits="504403158265495552"/><line number="330" hits="11385099857992613888"/><line number="333" hits="2954361355555045372"/><line number="336" hits="4251398048237748224"/><line number="337" hits="8502796096475496448"/><line number="340" hits="16068843470457929728"/><line number="344" hits="0"/><line number="345" hits="0"/><line number="346" hits="0"/><line number="347" hits="0"/><line number="348" hits="0"/><line number="349" hits="0"/><line number="351" hits="0"/><line number="352" hits="0"/></lines></class><class name="math_symbol_shortcut" filename="libs\braillify\src\math_symbol_shortcut.rs" line-rate="0.8" branch-rate="0" complexity="0"><methods/><lines><line number="15" hits="1513209474796486680"/><line number="16" hits="3026418949592973360"/><line number="19" hits="0"/><line number="23" hits="12393906174523604992"/><line number="24" hits="12393906174523604992"/></lines></class><class name="number" filename="libs\braillify\src\number.rs" line-rate="0.6666666666666666" branch-rate="0" complexity="0"><methods/><lines><line number="20" hits="14051230837395947520"/><line number="21" hits="9655717601082343424"/><line number="24" hits="0"/></lines></class><class name="rule" filename="libs\braillify\src\rule.rs" line-rate="1" branch-rate="0" complexity="0"><methods/><lines><line number="4" hits="1945555039024054389"/><line number="5" hits="2738188573441261802"/><line number="6" hits="6845471433603153937"/><line number="7" hits="432345564227567618"/><line number="10" hits="1945555039024054362"/><line number="14" hits="1945555039024054272"/><line number="15" hits="2738188573441261568"/><line number="17" hits="6989586621679009794"/><line number="18" hits="3242591731706757133"/><line number="19" hits="5116089176692883457"/><line number="21" hits="360287970189639680"/><line number="24" hits="1945555039024054245"/></lines></class><class name="rule_en" filename="libs\braillify\src\rule_en.rs" line-rate="1" branch-rate="0" complexity="0"><methods/><lines><line number="33" hits="18302628885633695744"/><line number="34" hits="10304235947423694848"/><line number="35" hits="10448351135499550720"/><line number="36" hits="648518346341351406"/><line number="39" hits="17654110539292344338"/><line number="54" hits="7710162562058289171"/><line number="55" hits="9511602413006487571"/><line number="56" hits="1801439850948198400"/><line number="57" hits="216172782113783823"/><line number="60" hits="7493989779944505348"/></lines></class><class name="split" filename="libs\braillify\src\split.rs" line-rate="0.9629629629629629" branch-rate="0" complexity="0"><methods/><lines><line number="10" hits="17654110539292344324"/><line number="11" hits="17654110539292344324"/><line number="12" hits="17654110539292344323"/><line number="13" hits="0"/><line number="14" hits="1"/><line number="54" hits="14483576401623515136"/><line number="55" hits="10520408729537478601"/><line number="58" hits="55"/><line number="60" hits="14555633995661443072"/><line number="62" hits="14555633995661443072"/><line number="63" hits="16645304222761353218"/><line number="64" hits="1008806316530991106"/><line number="66" hits="14627691589699371006"/><line number="67" hits="1513209474796486658"/><line number="69" hits="11601272640106397692"/><line number="70" hits="12465963768561532923"/><line number="86" hits="18014398509481984001"/><line number="88" hits="18014398509481984001"/><line number="89" hits="18014398509481984001"/><line number="90" hits="18014398509481984001"/><line number="91" hits="18014398509481984001"/><line number="93" hits="18014398509481984001"/><line number="94" hits="18014398509481984001"/><line number="95" hits="18014398509481984001"/><line number="96" hits="12033618204333965314"/><line number="97" hits="12465963768561532929"/><line number="100" hits="18014398509481984001"/></lines></class><class name="symbol_shortcut" filename="libs\braillify\src\symbol_shortcut.rs" line-rate="1" branch-rate="0" complexity="0"><methods/><lines><line number="42" hits="5332261958806667264"/><line number="43" hits="10664523917613334526"/><line number="46" hits="2"/><line number="50" hits="1585267068834414592"/><line number="51" hits="1585267068834414592"/></lines></class><class name="unicode" filename="libs\braillify\src\unicode.rs" line-rate="0.8333333333333334" branch-rate="0" complexity="0"><methods/><lines><line number="1" hits="2233785415175766016"/><line number="2" hits="2233785415175766016"/><line number="5" hits="3530822107858468866"/><line number="6" hits="3530822107858468866"/><line number="7" hits="0"/><line number="9" hits="3530822107858468866"/></lines></class><class name="utils" filename="libs\braillify\src\utils.rs" line-rate="1" branch-rate="0" complexity="0"><methods/><lines><line number="3" hits="2089670227099910240"/><line number="4" hits="2089670227099910240"/><line number="5" hits="2089670227099910240"/><line number="6" hits="2089670227099910240"/><line number="8" hits="2089670227099910240"/><line number="9" hits="2089670227099910240"/><line number="10" hits="2089670227099910240"/><line number="12" hits="3314649325744685248"/><line number="13" hits="2089670227099910240"/><line number="14" hits="14267403619509731557"/><line number="15" hits="14195346025471803986"/><line number="17" hits="10448351135499550779"/><line number="19" hits="2089670227099910240"/><line number="20" hits="2089670227099910240"/><line number="21" hits="2089670227099910240"/><line number="24" hits="11529215046068469791"/><line number="25" hits="10736581511651262524"/><line number="28" hits="12321848580485677058"/></lines></class><class name="word_shortcut" filename="libs\braillify\src\word_shortcut.rs" line-rate="1" branch-rate="0" complexity="0"><methods/><lines><line number="15" hits="14411518807585587200"/><line number="16" hits="16573246628723425294"/><line number="17" hits="2161727821137838094"/><line number="18" hits="1873497444986126247"/><line number="21" hits="12538021362599460953"/></lines></class></classes></package><package name="packages\node\src" line-rate="0" branch-rate="0" complexity="0"><classes><class name="lib" filename="packages\node\src\lib.rs" line-rate="0" branch-rate="0" complexity="0"><methods/><lines><line number="6" hits="0"/><line number="7" hits="0"/><line number="11" hits="0"/><line number="12" hits="0"/><line number="16" hits="0"/><line number="17" hits="0"/></lines></class><class name="utils" filename="packages\node\src\utils.rs" line-rate="0" branch-rate="0" complexity="0"><methods/><lines><line number="2" hits="0"/><line number="10" hits="0"/></lines></class></classes></package><package name="packages\python\src" line-rate="0" branch-rate="0" complexity="0"><classes><class name="lib" filename="packages\python\src\lib.rs" line-rate="0" branch-rate="0" complexity="0"><methods/><lines><line number="6" hits="0"/><line number="7" hits="0"/><line number="12" hits="0"/><line number="13" hits="0"/><line number="14" hits="0"/></lines></class></classes></package></packages></coverage>