<?xml version="1.0"?><coverage lines-covered="299" lines-valid="353" line-rate="0.8470254957507082" branches-covered="0" branches-valid="0" branch-rate="0" complexity="0" version="1.9" timestamp="1749630850"><sources><source>C:\Users\owjs3\Desktop\projects\braillify</source></sources><packages><package name="packages\python\src" line-rate="0" branch-rate="0" complexity="0"><classes><class name="lib" filename="packages\python\src\lib.rs" line-rate="0" branch-rate="0" complexity="0"><methods/><lines><line number="6" hits="0"/><line number="7" hits="0"/><line number="11" hits="0"/><line number="12" hits="0"/><line number="16" hits="0"/><line number="17" hits="0"/><line number="22" hits="0"/><line number="23" hits="0"/><line number="24" hits="0"/><line number="25" hits="0"/><line number="26" hits="0"/></lines></class></classes></package><package name="packages\node\src" line-rate="0" branch-rate="0" complexity="0"><classes><class name="lib" filename="packages\node\src\lib.rs" line-rate="0" branch-rate="0" complexity="0"><methods/><lines><line number="6" hits="0"/><line number="7" hits="0"/><line number="11" hits="0"/><line number="12" hits="0"/><line number="16" hits="0"/><line number="17" hits="0"/></lines></class><class name="utils" filename="packages\node\src\utils.rs" line-rate="0" branch-rate="0" complexity="0"><methods/><lines><line number="2" hits="0"/><line number="10" hits="0"/></lines></class></classes></package><package name="libs\braillify\src\moeum" line-rate="0.6666666666666666" branch-rate="0" complexity="0"><classes><class name="jungsong" filename="libs\braillify\src\moeum\jungsong.rs" line-rate="0.6666666666666666" branch-rate="0" complexity="0"><methods/><lines><line number="28" hits="6269010681299730437"/><line number="29" hits="12538021362599460874"/><line number="32" hits="0"/></lines></class></classes></package><package name="libs\braillify\src" line-rate="0.8952095808383234" branch-rate="0" complexity="0"><classes><class name="char_shortcut" filename="libs\braillify\src\char_shortcut.rs" line-rate="1" branch-rate="0" complexity="0"><methods/><lines><line number="37" hits="13402712491054596096"/><line number="38" hits="17726168133330272256"/><line number="41" hits="9079256848778919936"/></lines></class><class name="char_struct" filename="libs\braillify\src\char_struct.rs" line-rate="1" branch-rate="0" complexity="0"><methods/><lines><line number="15" hits="720575940379279365"/><line number="16" hits="720575940379279365"/><line number="17" hits="1441151880758558726"/><line number="18" hits="4"/><line number="34" hits="720575940379279361"/><line number="36" hits="720575940379279361"/><line number="37" hits="720575940379279361"/><line number="38" hits="720575940379279361"/><line number="39" hits="720575940379279361"/><line number="41" hits="720575940379279361"/><line number="42" hits="720575940379279361"/><line number="43" hits="720575940379279361"/><line number="44" hits="720575940379279361"/><line number="45" hits="7205759403792793601"/><line number="47" hits="11961560610296037376"/><line number="65" hits="12898309332789100544"/><line number="66" hits="12898309332789100544"/><line number="67" hits="4755801206503243777"/><line number="69" hits="8142508126285856767"/><line number="70" hits="2810246167479189504"/><line number="72" hits="5332261958806667263"/><line number="73" hits="3098476543630901248"/><line number="75" hits="2233785415175766015"/><line number="76" hits="576460752303423488"/><line number="78" hits="1657324662872342527"/><line number="79" hits="3242591731706757119"/><line number="80" hits="864691128455135233"/><line number="85" hits="1513209474796486654"/><line number="86" hits="720575940379279362"/><line number="88" hits="72057594037927933"/><line number="89" hits="72057594037927936"/><line number="91" hits="18446744073709551613"/></lines></class><class name="english" filename="libs\braillify\src\english.rs" line-rate="0.6666666666666666" branch-rate="0" complexity="0"><methods/><lines><line number="34" hits="4251398048237748229"/><line number="35" hits="8502796096475496458"/><line number="38" hits="0"/></lines></class><class name="korean_char" filename="libs\braillify\src\korean_char.rs" line-rate="0.8571428571428571" branch-rate="0" complexity="0"><methods/><lines><line number="10" hits="8718968878589280256"/><line number="11" hits="8718968878589280256"/><line number="12" hits="17437937757178560512"/><line number="13" hits="216172782113783808"/><line number="15" hits="216172782113783808"/><line number="17" hits="3530822107858468864"/><line number="18" hits="3530822107858468864"/><line number="19" hits="1441151880758558720"/><line number="25" hits="1297036692682702848"/><line number="27" hits="1441151880758558720"/><line number="28" hits="216172782113783808"/><line number="30" hits="0"/><line number="32" hits="360287970189639680"/><line number="33" hits="2089670227099910144"/><line number="36" hits="0"/><line number="38" hits="0"/><line number="40" hits="576460752303423488"/><line number="41" hits="1729382256910270464"/><line number="45" hits="0"/><line number="49" hits="1152921504606846976"/><line number="50" hits="648518346341351424"/><line number="52" hits="1152921504606846976"/><line number="53" hits="1152921504606846976"/><line number="56" hits="6269010681299730432"/><line number="60" hits="4107282860161892352"/><line number="61" hits="2594073385365405696"/><line number="63" hits="4107282860161892352"/><line number="67" hits="8718968878589280256"/></lines></class><class name="korean_part" filename="libs\braillify\src\korean_part.rs" line-rate="0.75" branch-rate="0" complexity="0"><methods/><lines><line number="39" hits="432345564227567618"/><line number="40" hits="792633534417207300"/><line number="43" hits="144115188075855872"/><line number="46" hits="0"/></lines></class><class name="lib" filename="libs\braillify\src\lib.rs" line-rate="0.8841463414634146" branch-rate="0" complexity="0"><methods/><lines><line number="31" hits="4251398048237748224"/><line number="32" hits="4251398048237748224"/><line number="33" hits="4251398048237748224"/><line number="34" hits="4251398048237748224"/><line number="35" hits="4251398048237748224"/><line number="37" hits="8935141660703064074"/><line number="38" hits="16068843470457929738"/><line number="39" hits="14699749183737298944"/><line number="40" hits="14411518807585587200"/><line number="43" hits="4251398048237748224"/><line number="45" hits="10160120759347838976"/><line number="46" hits="5908722711110090752"/><line number="48" hits="6196953087261802496"/><line number="51" hits="0"/><line number="54" hits="5620492334958379008"/><line number="55" hits="5620492334958379008"/><line number="56" hits="360287970189639680"/><line number="57" hits="5620492334958379008"/><line number="59" hits="9583660007044415488"/><line number="61" hits="14771806777775226880"/><line number="64" hits="360287970189639680"/><line number="65" hits="360287970189639680"/><line number="68" hits="6052837899185946624"/><line number="69" hits="288230376151711744"/><line number="70" hits="288230376151711744"/><line number="71" hits="288230376151711744"/><line number="72" hits="504403158265495552"/><line number="74" hits="72057594037927936"/><line number="75" hits="72057594037927936"/><line number="76" hits="72057594037927936"/><line number="77" hits="72057594037927936"/><line number="78" hits="432345564227567616"/><line number="83" hits="144115188075855872"/><line number="84" hits="144115188075855872"/><line number="88" hits="5620492334958379008"/><line number="89" hits="5620492334958379008"/><line number="92" hits="6629298651489370112"/><line number="93" hits="1008806316530991104"/><line number="94" hits="576460752303423487"/><line number="95" hits="576460752303423487"/><line number="98" hits="864691128455135234"/><line number="100" hits="2810246167479189504"/><line number="102" hits="7782220156096217088"/><line number="104" hits="144115188075855872"/><line number="110" hits="9223372036854775808"/><line number="111" hits="9223372036854775808"/><line number="112" hits="360287970189639680"/><line number="113" hits="360287970189639680"/><line number="116" hits="72057594037927936"/><line number="124" hits="432345564227567616"/><line number="125" hits="144115188075855872"/><line number="127" hits="144115188075855872"/><line number="129" hits="0"/><line number="130" hits="216172782113783808"/><line number="131" hits="216172782113783808"/><line number="132" hits="9007199254740992000"/><line number="133" hits="1152921504606846976"/><line number="134" hits="1008806316530991104"/><line number="137" hits="288230376151711744"/><line number="138" hits="288230376151711744"/><line number="140" hits="8718968878589280256"/><line number="143" hits="9223372036854775808"/><line number="145" hits="5764607523034234880"/><line number="146" hits="5764607523034234879"/><line number="149" hits="432345564227567616"/><line number="150" hits="432345564227567616"/><line number="153" hits="0"/><line number="154" hits="0"/><line number="158" hits="0"/><line number="159" hits="0"/><line number="160" hits="0"/><line number="163" hits="0"/><line number="164" hits="0"/><line number="168" hits="576460752303423488"/><line number="169" hits="432345564227567616"/><line number="170" hits="360287970189639680"/><line number="171" hits="216172782113783808"/><line number="172" hits="360287970189639680"/><line number="175" hits="216172782113783808"/><line number="176" hits="216172782113783808"/><line number="177" hits="144115188075855872"/><line number="178" hits="216172782113783808"/><line number="183" hits="72057594037927936"/><line number="184" hits="72057594037927936"/><line number="186" hits="360287970189639680"/><line number="188" hits="144115188075855872"/><line number="189" hits="144115188075855872"/><line number="193" hits="216172782113783808"/><line number="194" hits="216172782113783808"/><line number="200" hits="4683743612465315840"/><line number="201" hits="6341068275337658368"/><line number="204" hits="144115188075855872"/><line number="207" hits="6196953087261802496"/><line number="208" hits="3242591731706757120"/><line number="209" hits="2305843009213693952"/><line number="214" hits="720575940379279360"/><line number="216" hits="2089670227099910144"/><line number="217" hits="2449958197289549824"/><line number="218" hits="1080863910568919040"/><line number="220" hits="288230376151711744"/><line number="224" hits="8646911284551352320"/><line number="226" hits="1369094286720630784"/><line number="231" hits="1224979098644774912"/><line number="236" hits="1152921504606846976"/><line number="238" hits="216172782113783808"/><line number="239" hits="3314649325744685056"/><line number="244" hits="3098476543630901248"/><line number="246" hits="4683743612465315840"/><line number="248" hits="2594073385365405696"/><line number="249" hits="2594073385365405696"/><line number="251" hits="2666130979403333632"/><line number="253" hits="936748722493063168"/><line number="257" hits="2594073385365405696"/><line number="259" hits="1657324662872342528"/><line number="260" hits="1657324662872342528"/><line number="261" hits="72057594037927936"/><line number="262" hits="72057594037927936"/><line number="263" hits="72057594037927936"/><line number="266" hits="72057594037927936"/><line number="268" hits="1585267068834414592"/><line number="271" hits="0"/><line number="272" hits="0"/><line number="274" hits="288230376151711744"/><line number="275" hits="288230376151711744"/><line number="276" hits="144115188075855872"/><line number="277" hits="144115188075855872"/><line number="278" hits="720575940379279360"/><line number="280" hits="144115188075855872"/><line number="282" hits="288230376151711744"/><line number="283" hits="288230376151711744"/><line number="284" hits="144115188075855872"/><line number="285" hits="648518346341351424"/><line number="286" hits="792633534417207296"/><line number="287" hits="144115188075855872"/><line number="288" hits="504403158265495552"/><line number="289" hits="72057594037927936"/><line number="292" hits="144115188075855872"/><line number="294" hits="144115188075855872"/><line number="295" hits="144115188075855872"/><line number="297" hits="144115188075855872"/><line number="303" hits="16717361816799281153"/><line number="304" hits="16285016252571713536"/><line number="306" hits="6557241057451442176"/><line number="307" hits="1873497444986126336"/><line number="312" hits="5908722711110090752"/><line number="313" hits="1080863910568919040"/><line number="317" hits="72057594037927936"/><line number="318" hits="72057594037927936"/><line number="322" hits="3026418949592973312"/><line number="324" hits="1513209474796486656"/><line number="325" hits="144115188075855872"/><line number="330" hits="1657324662872342528"/><line number="333" hits="4251398048237748224"/><line number="336" hits="4251398048237748224"/><line number="337" hits="8502796096475496448"/><line number="340" hits="16068843470457929728"/><line number="344" hits="0"/><line number="345" hits="0"/><line number="346" hits="0"/><line number="347" hits="0"/><line number="348" hits="0"/><line number="349" hits="0"/><line number="351" hits="0"/><line number="352" hits="0"/></lines></class><class name="math_symbol_shortcut" filename="libs\braillify\src\math_symbol_shortcut.rs" line-rate="0.8" branch-rate="0" complexity="0"><methods/><lines><line number="15" hits="288230376151711744"/><line number="16" hits="576460752303423488"/><line number="19" hits="0"/><line number="23" hits="2233785415175766016"/><line number="24" hits="2233785415175766016"/></lines></class><class name="number" filename="libs\braillify\src\number.rs" line-rate="0.6666666666666666" branch-rate="0" complexity="0"><methods/><lines><line number="20" hits="2594073385365405696"/><line number="21" hits="5188146770730811392"/><line number="24" hits="0"/></lines></class><class name="rule" filename="libs\braillify\src\rule.rs" line-rate="1" branch-rate="0" complexity="0"><methods/><lines><line number="4" hits="5764607523034234880"/><line number="5" hits="10736581511651262464"/><line number="6" hits="3891110078048108544"/><line number="7" hits="72057594037927936"/><line number="10" hits="5764607523034234880"/><line number="14" hits="5764607523034234880"/><line number="15" hits="10736581511651262464"/><line number="17" hits="2882303761517117440"/><line number="18" hits="144115188075855872"/><line number="19" hits="72057594037927936"/><line number="21" hits="72057594037927936"/><line number="24" hits="5764607523034234880"/></lines></class><class name="rule_en" filename="libs\braillify\src\rule_en.rs" line-rate="1" branch-rate="0" complexity="0"><methods/><lines><line number="33" hits="4539628424389459968"/><line number="34" hits="15060037153926938624"/><line number="35" hits="10520408729537478656"/><line number="36" hits="288230376151711740"/><line number="39" hits="4251398048237748228"/><line number="54" hits="1369094286720630788"/><line number="55" hits="14051230837395947524"/><line number="56" hits="12682136550675316736"/><line number="57" hits="144115188075855876"/><line number="60" hits="1224979098644774912"/></lines></class><class name="split" filename="libs\braillify\src\split.rs" line-rate="0.8888888888888888" branch-rate="0" complexity="0"><methods/><lines><line number="10" hits="1224979098644774912"/><line number="11" hits="1224979098644774912"/><line number="12" hits="1224979098644774912"/><line number="13" hits="0"/><line number="14" hits="0"/><line number="54" hits="12465963768561532928"/><line number="55" hits="6485183463413514240"/><line number="58" hits="0"/><line number="60" hits="4395513236313604096"/><line number="62" hits="4395513236313604096"/><line number="63" hits="8502796096475496448"/><line number="64" hits="1008806316530991104"/><line number="66" hits="6485183463413514240"/><line number="67" hits="1513209474796486656"/><line number="69" hits="3458764513820540928"/><line number="70" hits="288230376151711744"/><line number="86" hits="1585267068834414592"/><line number="88" hits="1585267068834414592"/><line number="89" hits="1585267068834414592"/><line number="90" hits="1585267068834414592"/><line number="91" hits="1585267068834414592"/><line number="93" hits="1585267068834414592"/><line number="94" hits="1585267068834414592"/><line number="95" hits="1585267068834414592"/><line number="96" hits="2233785415175766016"/><line number="97" hits="648518346341351424"/><line number="100" hits="1585267068834414592"/></lines></class><class name="symbol_shortcut" filename="libs\braillify\src\symbol_shortcut.rs" line-rate="0.8" branch-rate="0" complexity="0"><methods/><lines><line number="42" hits="1585267068834414592"/><line number="43" hits="3170534137668829184"/><line number="46" hits="0"/><line number="50" hits="5332261958806667264"/><line number="51" hits="5332261958806667264"/></lines></class><class name="unicode" filename="libs\braillify\src\unicode.rs" line-rate="0.8333333333333334" branch-rate="0" complexity="0"><methods/><lines><line number="1" hits="2233785415175766016"/><line number="2" hits="2233785415175766016"/><line number="5" hits="3530822107858468866"/><line number="6" hits="3530822107858468866"/><line number="7" hits="0"/><line number="9" hits="3530822107858468866"/></lines></class><class name="utils" filename="libs\braillify\src\utils.rs" line-rate="1" branch-rate="0" complexity="0"><methods/><lines><line number="3" hits="12682136550675316736"/><line number="4" hits="12682136550675316736"/><line number="5" hits="12682136550675316736"/><line number="6" hits="12682136550675316736"/><line number="8" hits="12682136550675316736"/><line number="9" hits="12682136550675316736"/><line number="10" hits="12682136550675316736"/><line number="12" hits="7998392938210000896"/><line number="13" hits="12682136550675316736"/><line number="14" hits="12682136550675316736"/><line number="15" hits="144115188075855879"/><line number="17" hits="6917529027641081856"/><line number="19" hits="12682136550675316736"/><line number="20" hits="12682136550675316736"/><line number="21" hits="12682136550675316736"/><line number="24" hits="1369094286720630784"/><line number="25" hits="2594073385365405696"/><line number="28" hits="144115188075855872"/></lines></class><class name="word_shortcut" filename="libs\braillify\src\word_shortcut.rs" line-rate="1" branch-rate="0" complexity="0"><methods/><lines><line number="15" hits="5980780305148018688"/><line number="16" hits="8791026472627208192"/><line number="17" hits="2810246167479189504"/><line number="18" hits="360287970189639678"/><line number="21" hits="5620492334958379010"/></lines></class></classes></package><package name="libs\braillify\src\jauem" line-rate="0.6666666666666666" branch-rate="0" complexity="0"><classes><class name="choseong" filename="libs\braillify\src\jauem\choseong.rs" line-rate="0.6666666666666666" branch-rate="0" complexity="0"><methods/><lines><line number="22" hits="5980780305148018688"/><line number="23" hits="11961560610296037376"/><line number="26" hits="0"/></lines></class><class name="jongseong" filename="libs\braillify\src\jauem\jongseong.rs" line-rate="0.6666666666666666" branch-rate="0" complexity="0"><methods/><lines><line number="37" hits="3170534137668829184"/><line number="38" hits="6341068275337658368"/><line number="41" hits="0"/></lines></class></classes></package><package name="packages\node\tests" line-rate="0" branch-rate="0" complexity="0"><classes></classes></package></packages></coverage>